<?xml version="1.0" encoding="UTF-8"?>
<!-- Generated by org.testng.reporters.JUnitReportReporter -->
<testsuite skipped="0" hostname="DESKTOP-HV0OOS4" name="com.jenkins.Basic" tests="1" failures="0" timestamp="21 Jul 2018 16:28:47 GMT" time="0.006" errors="0">
  <testcase name="display" time="0.006" classname="com.jenkins.Basic"/>
</testsuite> <!-- com.jenkins.Basic -->
